<?xml version="1.0" encoding="UTF-8"?>
<testsuite xmlns:xsi="http://www.w3.org/2001/XMLSchema-instance" xsi:noNamespaceSchemaLocation="https://maven.apache.org/surefire/maven-surefire-plugin/xsd/surefire-test-report-3.0.xsd" version="3.0" name="aeterraes.controllers.ServiceRequestControllerTest" time="0.172" tests="8" errors="0" skipped="0" failures="0">
  <properties>
[...]
</properties>
  <testcase name="testGetServiceRequestsByCustomerId" classname="aeterraes.controllers.ServiceRequestControllerTest" time="0.062">
    <system-err><![CDATA[[main] INFO org.springframework.mock.web.MockServletContext - Initializing Spring TestDispatcherServlet ''
[main] INFO org.springframework.test.web.servlet.TestDispatcherServlet - Initializing Servlet ''
[main] INFO org.springframework.test.web.servlet.TestDispatcherServlet - Completed initialization in 0 ms
]]></system-err>
  </testcase>
  <testcase name="testGetServiceRequestById" classname="aeterraes.controllers.ServiceRequestControllerTest" time="0.016">
    <system-err><![CDATA[[main] INFO org.springframework.mock.web.MockServletContext - Initializing Spring TestDispatcherServlet ''
[main] INFO org.springframework.test.web.servlet.TestDispatcherServlet - Initializing Servlet ''
[main] INFO org.springframework.test.web.servlet.TestDispatcherServlet - Completed initialization in 0 ms
]]></system-err>
  </testcase>
  <testcase name="testGetAllServiceRequests" classname="aeterraes.controllers.ServiceRequestControllerTest" time="0.009">
    <system-err><![CDATA[[main] INFO org.springframework.mock.web.MockServletContext - Initializing Spring TestDispatcherServlet ''
[main] INFO org.springframework.test.web.servlet.TestDispatcherServlet - Initializing Servlet ''
[main] INFO org.springframework.test.web.servlet.TestDispatcherServlet - Completed initialization in 0 ms
]]></system-err>
  </testcase>
  <testcase name="testAddServiceRequest" classname="aeterraes.controllers.ServiceRequestControllerTest" time="0.016">
    <system-err><![CDATA[[main] INFO org.springframework.mock.web.MockServletContext - Initializing Spring TestDispatcherServlet ''
[main] INFO org.springframework.test.web.servlet.TestDispatcherServlet - Initializing Servlet ''
[main] INFO org.springframework.test.web.servlet.TestDispatcherServlet - Completed initialization in 0 ms
]]></system-err>
  </testcase>
  <testcase name="testUpdateServiceRequest" classname="aeterraes.controllers.ServiceRequestControllerTest" time="0.016">
    <system-err><![CDATA[[main] INFO org.springframework.mock.web.MockServletContext - Initializing Spring TestDispatcherServlet ''
[main] INFO org.springframework.test.web.servlet.TestDispatcherServlet - Initializing Servlet ''
[main] INFO org.springframework.test.web.servlet.TestDispatcherServlet - Completed initialization in 0 ms
]]></system-err>
  </testcase>
  <testcase name="testGetServiceRequestsByType" classname="aeterraes.controllers.ServiceRequestControllerTest" time="0.016">
    <system-err><![CDATA[[main] INFO org.springframework.mock.web.MockServletContext - Initializing Spring TestDispatcherServlet ''
[main] INFO org.springframework.test.web.servlet.TestDispatcherServlet - Initializing Servlet ''
[main] INFO org.springframework.test.web.servlet.TestDispatcherServlet - Completed initialization in 0 ms
]]></system-err>
  </testcase>
  <testcase name="testDeleteServiceRequest" classname="aeterraes.controllers.ServiceRequestControllerTest" time="0.015">
    <system-err><![CDATA[[main] INFO org.springframework.mock.web.MockServletContext - Initializing Spring TestDispatcherServlet ''
[main] INFO org.springframework.test.web.servlet.TestDispatcherServlet - Initializing Servlet ''
[main] INFO org.springframework.test.web.servlet.TestDispatcherServlet - Completed initialization in 0 ms
]]></system-err>
  </testcase>
  <testcase name="testGetServiceRequestsByStatus" classname="aeterraes.controllers.ServiceRequestControllerTest" time="0.0">
    <system-err><![CDATA[[main] INFO org.springframework.mock.web.MockServletContext - Initializing Spring TestDispatcherServlet ''
[main] INFO org.springframework.test.web.servlet.TestDispatcherServlet - Initializing Servlet ''
[main] INFO org.springframework.test.web.servlet.TestDispatcherServlet - Completed initialization in 0 ms
]]></system-err>
  </testcase>
</testsuite>