<?xml version="1.0" encoding="UTF-8"?>
<testsuite xmlns:xsi="http://www.w3.org/2001/XMLSchema-instance" xsi:noNamespaceSchemaLocation="https://maven.apache.org/surefire/maven-surefire-plugin/xsd/surefire-test-report-3.0.xsd" version="3.0" name="aeterraes.servlets.CarServletTest" time="0.871" tests="3" errors="0" skipped="0" failures="0">
  <properties>
[...]
</properties>
  <testcase name="testDoGet_specificCar" classname="aeterraes.servlets.CarServletTest" time="0.802"/>
  <testcase name="testDoGet_allCars" classname="aeterraes.servlets.CarServletTest" time="0.008"/>
  <testcase name="testDoPost" classname="aeterraes.servlets.CarServletTest" time="0.029"/>
</testsuite>